Name                                            Stmts   Miss  Cover   Missing
-----------------------------------------------------------------------------
catalog/__init__.py                                 0      0   100%
catalog/admin.py                                    8      0   100%
catalog/apps.py                                     4      0   100%
catalog/forms.py                                    5      0   100%
catalog/management/commands/populate.py           102     81    21%   48-68, 75-81, 85-115, 119-146, 154-164, 168-241, 245-270, 275-292
catalog/migrations/0001_initial.py                 10      0   100%
catalog/migrations/0002_alter_book_date.py          6      0   100%
catalog/migrations/0003_alter_book_date.py          6      0   100%
catalog/migrations/0004_alter_book_date.py          6      0   100%
catalog/migrations/0005_alter_book_date.py          6      0   100%
catalog/migrations/0006_alter_book_date.py          6      0   100%
catalog/migrations/0007_alter_book_date.py          6      0   100%
catalog/migrations/0008_auto_20220608_1250.py       9      0   100%
catalog/migrations/0009_auto_20220608_1252.py       7      0   100%
catalog/migrations/0010_alter_book_date.py          6      0   100%
catalog/migrations/0011_alter_book_date.py          6      0   100%
catalog/migrations/0012_alter_book_date.py          6      0   100%
catalog/migrations/0013_auto_20220608_1257.py       7      0   100%
catalog/migrations/0014_alter_book_date.py          6      0   100%
catalog/migrations/0015_auto_20220608_1305.py       7      0   100%
catalog/migrations/0016_alter_book_date.py          6      0   100%
catalog/migrations/0017_alter_book_date.py          6      0   100%
catalog/migrations/0018_alter_book_date.py          6      0   100%
catalog/migrations/0019_alter_book_date.py          6      0   100%
catalog/migrations/__init__.py                      0      0   100%
catalog/models.py                                  64      3    95%   30, 108, 148
catalog/urls.py                                     6      0   100%
catalog/validators.py                               7      4    43%   5-6, 12-13
catalog/views.py                                   60     43    28%   18-38, 47-88, 96-101, 104-109
-----------------------------------------------------------------------------
TOTAL                                             380    131    66%
